<?xml version="1.0" encoding="UTF-8"?>
<testng-results ignored="2" total="5" passed="2" failed="1" skipped="0">
  <reporter-output>
  </reporter-output>
  <suite started-at="2025-12-18T15:23:46 EET" name="Default suite" finished-at="2025-12-18T15:24:14 EET" duration-ms="27576">
    <groups>
    </groups>
    <test started-at="2025-12-18T15:23:46 EET" name="Default test" finished-at="2025-12-18T15:24:14 EET" duration-ms="27576">
      <class name="automationExercise.MyPage">
        <test-method is-config="true" signature="mySetUp()[pri:0, instance:automationExercise.MyPage@49872d67]" started-at="2025-12-18T15:23:46 EET" name="mySetUp" finished-at="2025-12-18T15:23:49 EET" duration-ms="2292" status="PASS">
          <reporter-output>
          </reporter-output>
        </test-method> <!-- mySetUp -->
        <test-method signature="mySignUpPage()[pri:1, instance:automationExercise.MyPage@49872d67]" started-at="2025-12-18T15:23:49 EET" name="mySignUpPage" finished-at="2025-12-18T15:23:56 EET" duration-ms="7664" status="PASS">
          <reporter-output>
          </reporter-output>
        </test-method> <!-- mySignUpPage -->
        <test-method signature="AddItemToCart()[pri:4, instance:automationExercise.MyPage@49872d67]" started-at="2025-12-18T15:23:56 EET" name="AddItemToCart" finished-at="2025-12-18T15:24:10 EET" duration-ms="13729" status="FAIL">
          <exception class="java.lang.IllegalArgumentException">
            <message>
              <![CDATA[bound must be positive]]>
            </message>
            <full-stacktrace>
              <![CDATA[java.lang.IllegalArgumentException: bound must be positive
at java.base/java.util.Random.nextInt(Random.java:557)
at automationExercise.MyPage.AddItemToCart(MyPage.java:171)
at java.base/jdk.internal.reflect.DirectMethodHandleAccessor.invoke(DirectMethodHandleAccessor.java:103)
at java.base/java.lang.reflect.Method.invoke(Method.java:580)
at org.testng.internal.invokers.MethodInvocationHelper.invokeMethod(MethodInvocationHelper.java:141)
at org.testng.internal.invokers.TestInvoker.invokeMethod(TestInvoker.java:687)
at org.testng.internal.invokers.TestInvoker.invokeTestMethod(TestInvoker.java:230)
at org.testng.internal.invokers.MethodRunner.runInSequence(MethodRunner.java:63)
at org.testng.internal.invokers.TestInvoker$MethodInvocationAgent.invoke(TestInvoker.java:995)
at org.testng.internal.invokers.TestInvoker.invokeTestMethods(TestInvoker.java:203)
at org.testng.internal.invokers.TestMethodWorker.invokeTestMethods(TestMethodWorker.java:154)
at org.testng.internal.invokers.TestMethodWorker.run(TestMethodWorker.java:134)
at java.base/java.util.ArrayList.forEach(ArrayList.java:1596)
at org.testng.TestRunner.privateRun(TestRunner.java:741)
at org.testng.TestRunner.run(TestRunner.java:616)
at org.testng.SuiteRunner.runTest(SuiteRunner.java:421)
at org.testng.SuiteRunner.runSequentially(SuiteRunner.java:413)
at org.testng.SuiteRunner.privateRun(SuiteRunner.java:373)
at org.testng.SuiteRunner.run(SuiteRunner.java:312)
at org.testng.SuiteRunnerWorker.runSuite(SuiteRunnerWorker.java:52)
at org.testng.SuiteRunnerWorker.run(SuiteRunnerWorker.java:95)
at org.testng.TestNG.runSuitesSequentially(TestNG.java:1274)
at org.testng.TestNG.runSuitesLocally(TestNG.java:1208)
at org.testng.TestNG.runSuites(TestNG.java:1112)
at org.testng.TestNG.run(TestNG.java:1079)
at org.testng.remote.AbstractRemoteTestNG.run(AbstractRemoteTestNG.java:115)
at org.testng.remote.RemoteTestNG.initAndRun(RemoteTestNG.java:293)
at org.testng.remote.RemoteTestNG.main(RemoteTestNG.java:91)
]]>
            </full-stacktrace>
          </exception> <!-- java.lang.IllegalArgumentException -->
          <reporter-output>
          </reporter-output>
        </test-method> <!-- AddItemToCart -->
        <test-method signature="PaymentProcess()[pri:5, instance:automationExercise.MyPage@49872d67]" started-at="2025-12-18T15:24:10 EET" name="PaymentProcess" finished-at="2025-12-18T15:24:14 EET" duration-ms="3860" status="PASS">
          <reporter-output>
          </reporter-output>
        </test-method> <!-- PaymentProcess -->
      </class> <!-- automationExercise.MyPage -->
    </test> <!-- Default test -->
  </suite> <!-- Default suite -->
</testng-results>
