<?xml version="1.0" encoding="UTF-8"?>
<!-- Generated by org.testng.reporters.JUnitReportReporter -->
<testsuite hostname="DESKTOP-OGA0LUU" failures="0" tests="3" name="firstProject.AddRandomItem" time="0.236" errors="0" timestamp="2025-11-16T00:31:31 EET" skipped="1">
  <testcase classname="firstProject.AddRandomItem" name="Login" time="0.148"/>
  <testcase classname="firstProject.AddRandomItem" name="AddThreeRandomitem" time="0.088"/>
  <testcase classname="firstProject.AddRandomItem" name="AddRandomitem">
    <skipped/>
  </testcase> <!-- AddRandomitem -->
</testsuite> <!-- firstProject.AddRandomItem -->
