<?xml version="1.0" encoding="UTF-8"?>
<!-- Generated by org.testng.reporters.JUnitReportReporter -->
<testsuite hostname="DESKTOP-OGA0LUU" failures="0" tests="3" name="firstProject.MyTest" time="4.033" errors="0" timestamp="2025-11-12T14:59:29 EET" skipped="0">
  <testcase classname="firstProject.MyTest" name="Login" time="0.174"/>
  <testcase classname="firstProject.MyTest" name="AddItems" time="0.069"/>
  <testcase classname="firstProject.MyTest" name="checkoutProcess" time="3.790"/>
</testsuite> <!-- firstProject.MyTest -->
