<?xml version="1.0" encoding="UTF-8"?>
<!-- Generated by org.testng.reporters.JUnitReportReporter -->
<testsuite hostname="DESKTOP-OGA0LUU" failures="0" tests="4" name="Automation.MyTestCases" time="25.641" errors="0" timestamp="2025-12-08T19:17:25 EET" skipped="0">
  <testcase classname="Automation.MyTestCases" name="SignupTest" time="10.760"/>
  <testcase classname="Automation.MyTestCases" name="LogoutTest" time="2.960"/>
  <testcase classname="Automation.MyTestCases" name="Login" time="6.376"/>
  <testcase classname="Automation.MyTestCases" name="AddItemToTheCart" time="5.545"/>
</testsuite> <!-- Automation.MyTestCases -->
